Start testing: Mar 28 16:21 UTC
----------------------------------------------------------
1/11 Testing: lateraltestsuite.hpp-TestSuite
1/11 Test: lateraltestsuite.hpp-TestSuite
Command: "/opt/opendlv.cfsd18.build/logic-cfsd18-prefix/src/logic-cfsd18-build/action/lateral/lateraltestsuite.hpp-TestSuite"
Directory: /opt/opendlv.cfsd18.build/logic-cfsd18-prefix/src/logic-cfsd18-build/action/lateral
"lateraltestsuite.hpp-TestSuite" start time: Mar 28 16:21 UTC
Output:
----------------------------------------------------------
Running opendlv-logic-cfsd18-action-lateral-lateraltestsuite.hpp tests (1 test).OK!
<end of output>
Test time =   0.00 sec
----------------------------------------------------------
Test Passed.
"lateraltestsuite.hpp-TestSuite" end time: Mar 28 16:21 UTC
"lateraltestsuite.hpp-TestSuite" time elapsed: 00:00:00
----------------------------------------------------------

2/11 Testing: longitudinaltestsuite.hpp-TestSuite
2/11 Test: longitudinaltestsuite.hpp-TestSuite
Command: "/opt/opendlv.cfsd18.build/logic-cfsd18-prefix/src/logic-cfsd18-build/action/longitudinal/longitudinaltestsuite.hpp-TestSuite"
Directory: /opt/opendlv.cfsd18.build/logic-cfsd18-prefix/src/logic-cfsd18-build/action/longitudinal
"longitudinaltestsuite.hpp-TestSuite" start time: Mar 28 16:21 UTC
Output:
----------------------------------------------------------
Running opendlv-logic-cfsd18-action-longitudinal-longitudinaltestsuite.hpp tests (1 test).OK!
<end of output>
Test time =   0.00 sec
----------------------------------------------------------
Test Passed.
"longitudinaltestsuite.hpp-TestSuite" end time: Mar 28 16:21 UTC
"longitudinaltestsuite.hpp-TestSuite" time elapsed: 00:00:00
----------------------------------------------------------

3/11 Testing: accelerationtestsuite.hpp-TestSuite
3/11 Test: accelerationtestsuite.hpp-TestSuite
Command: "/opt/opendlv.cfsd18.build/logic-cfsd18-prefix/src/logic-cfsd18-build/cognition/acceleration/accelerationtestsuite.hpp-TestSuite"
Directory: /opt/opendlv.cfsd18.build/logic-cfsd18-prefix/src/logic-cfsd18-build/cognition/acceleration
"accelerationtestsuite.hpp-TestSuite" start time: Mar 28 16:21 UTC
Output:
----------------------------------------------------------
Running opendlv-logic-cfsd18-cognition-acceleration-accelerationtestsuite.hpp tests (1 test).OK!
<end of output>
Test time =   0.01 sec
----------------------------------------------------------
Test Passed.
"accelerationtestsuite.hpp-TestSuite" end time: Mar 28 16:21 UTC
"accelerationtestsuite.hpp-TestSuite" time elapsed: 00:00:00
----------------------------------------------------------

4/11 Testing: braketestsuite.hpp-TestSuite
4/11 Test: braketestsuite.hpp-TestSuite
Command: "/opt/opendlv.cfsd18.build/logic-cfsd18-prefix/src/logic-cfsd18-build/cognition/brake/braketestsuite.hpp-TestSuite"
Directory: /opt/opendlv.cfsd18.build/logic-cfsd18-prefix/src/logic-cfsd18-build/cognition/brake
"braketestsuite.hpp-TestSuite" start time: Mar 28 16:21 UTC
Output:
----------------------------------------------------------
Running opendlv-logic-cfsd18-cognition-brake-braketestsuite.hpp tests (1 test).OK!
<end of output>
Test time =   0.00 sec
----------------------------------------------------------
Test Passed.
"braketestsuite.hpp-TestSuite" end time: Mar 28 16:21 UTC
"braketestsuite.hpp-TestSuite" time elapsed: 00:00:00
----------------------------------------------------------

5/11 Testing: limitlateraltestsuite.hpp-TestSuite
5/11 Test: limitlateraltestsuite.hpp-TestSuite
Command: "/opt/opendlv.cfsd18.build/logic-cfsd18-prefix/src/logic-cfsd18-build/cognition/limitlateral/limitlateraltestsuite.hpp-TestSuite"
Directory: /opt/opendlv.cfsd18.build/logic-cfsd18-prefix/src/logic-cfsd18-build/cognition/limitlateral
"limitlateraltestsuite.hpp-TestSuite" start time: Mar 28 16:21 UTC
Output:
----------------------------------------------------------
Running opendlv-logic-cfsd18-cognition-limitlateral-limitlateraltestsuite.hpp tests (1 test).OK!
<end of output>
Test time =   0.00 sec
----------------------------------------------------------
Test Passed.
"limitlateraltestsuite.hpp-TestSuite" end time: Mar 28 16:21 UTC
"limitlateraltestsuite.hpp-TestSuite" time elapsed: 00:00:00
----------------------------------------------------------

6/11 Testing: skidpadtestsuite.hpp-TestSuite
6/11 Test: skidpadtestsuite.hpp-TestSuite
Command: "/opt/opendlv.cfsd18.build/logic-cfsd18-prefix/src/logic-cfsd18-build/cognition/skidpad/skidpadtestsuite.hpp-TestSuite"
Directory: /opt/opendlv.cfsd18.build/logic-cfsd18-prefix/src/logic-cfsd18-build/cognition/skidpad
"skidpadtestsuite.hpp-TestSuite" start time: Mar 28 16:21 UTC
Output:
----------------------------------------------------------
Running opendlv-logic-cfsd18-cognition-skidpad-skidpadtestsuite.hpp tests (1 test).OK!
<end of output>
Test time =   0.00 sec
----------------------------------------------------------
Test Passed.
"skidpadtestsuite.hpp-TestSuite" end time: Mar 28 16:21 UTC
"skidpadtestsuite.hpp-TestSuite" time elapsed: 00:00:00
----------------------------------------------------------

7/11 Testing: tracktestsuite.hpp-TestSuite
7/11 Test: tracktestsuite.hpp-TestSuite
Command: "/opt/opendlv.cfsd18.build/logic-cfsd18-prefix/src/logic-cfsd18-build/cognition/track/tracktestsuite.hpp-TestSuite"
Directory: /opt/opendlv.cfsd18.build/logic-cfsd18-prefix/src/logic-cfsd18-build/cognition/track
"tracktestsuite.hpp-TestSuite" start time: Mar 28 16:21 UTC
Output:
----------------------------------------------------------
Running opendlv-logic-cfsd18-cognition-track-tracktestsuite.hpp tests (1 test).OK!
<end of output>
Test time =   0.00 sec
----------------------------------------------------------
Test Passed.
"tracktestsuite.hpp-TestSuite" end time: Mar 28 16:21 UTC
"tracktestsuite.hpp-TestSuite" time elapsed: 00:00:00
----------------------------------------------------------

8/11 Testing: detectconetestsuite.hpp-TestSuite
8/11 Test: detectconetestsuite.hpp-TestSuite
Command: "/opt/opendlv.cfsd18.build/logic-cfsd18-prefix/src/logic-cfsd18-build/perception/detectcone/detectconetestsuite.hpp-TestSuite"
Directory: /opt/opendlv.cfsd18.build/logic-cfsd18-prefix/src/logic-cfsd18-build/perception/detectcone
"detectconetestsuite.hpp-TestSuite" start time: Mar 28 16:21 UTC
Output:
----------------------------------------------------------
Running opendlv-logic-cfsd18-perception-detectcone-detectconetestsuite.hpp tests (1 test).OK!
<end of output>
Test time =   0.00 sec
----------------------------------------------------------
Test Passed.
"detectconetestsuite.hpp-TestSuite" end time: Mar 28 16:21 UTC
"detectconetestsuite.hpp-TestSuite" time elapsed: 00:00:00
----------------------------------------------------------

9/11 Testing: detectconelanetestsuite.hpp-TestSuite
9/11 Test: detectconelanetestsuite.hpp-TestSuite
Command: "/opt/opendlv.cfsd18.build/logic-cfsd18-prefix/src/logic-cfsd18-build/perception/detectconelane/detectconelanetestsuite.hpp-TestSuite"
Directory: /opt/opendlv.cfsd18.build/logic-cfsd18-prefix/src/logic-cfsd18-build/perception/detectconelane
"detectconelanetestsuite.hpp-TestSuite" start time: Mar 28 16:21 UTC
Output:
----------------------------------------------------------
Running opendlv-logic-cfsd18-perception-detectconelane-detectconelanetestsuite.hpp tests (1 test).OK!
<end of output>
Test time =   0.00 sec
----------------------------------------------------------
Test Passed.
"detectconelanetestsuite.hpp-TestSuite" end time: Mar 28 16:21 UTC
"detectconelanetestsuite.hpp-TestSuite" time elapsed: 00:00:00
----------------------------------------------------------

10/11 Testing: attentiontestsuite.hpp-TestSuite
10/11 Test: attentiontestsuite.hpp-TestSuite
Command: "/opt/opendlv.cfsd18.build/logic-cfsd18-prefix/src/logic-cfsd18-build/sensation/attention/attentiontestsuite.hpp-TestSuite"
Directory: /opt/opendlv.cfsd18.build/logic-cfsd18-prefix/src/logic-cfsd18-build/sensation/attention
"attentiontestsuite.hpp-TestSuite" start time: Mar 28 16:21 UTC
Output:
----------------------------------------------------------
Running opendlv-logic-cfsd18-sensation-attention-attentiontestsuite.hpp tests (1 test).OK!
<end of output>
Test time =   0.00 sec
----------------------------------------------------------
Test Passed.
"attentiontestsuite.hpp-TestSuite" end time: Mar 28 16:21 UTC
"attentiontestsuite.hpp-TestSuite" time elapsed: 00:00:00
----------------------------------------------------------

11/11 Testing: slamtestsuite.hpp-TestSuite
11/11 Test: slamtestsuite.hpp-TestSuite
Command: "/opt/opendlv.cfsd18.build/logic-cfsd18-prefix/src/logic-cfsd18-build/sensation/slam/slamtestsuite.hpp-TestSuite"
Directory: /opt/opendlv.cfsd18.build/logic-cfsd18-prefix/src/logic-cfsd18-build/sensation/slam
"slamtestsuite.hpp-TestSuite" start time: Mar 28 16:21 UTC
Output:
----------------------------------------------------------
Running opendlv-logic-cfsd18-sensation-slam-slamtestsuite.hpp tests (1 test).OK!
<end of output>
Test time =   0.00 sec
----------------------------------------------------------
Test Passed.
"slamtestsuite.hpp-TestSuite" end time: Mar 28 16:21 UTC
"slamtestsuite.hpp-TestSuite" time elapsed: 00:00:00
----------------------------------------------------------

End testing: Mar 28 16:21 UTC
